<?xml version="1.0" encoding="UTF-8"?>
<!-- Generated by org.testng.reporters.JUnitXMLReporter -->
<testsuite ignored="0" hostname="LAPTOP-GF3M6KRA" failures="0" tests="3" name="Default test" time="0.109" errors="0" timestamp="2022-07-20T12:30:03 IST">
  <testcase classname="com.Demo.Maven.Demo1Test" name="testCase1" time="0.019"/>
  <testcase classname="com.Demo.Maven.Demo1Test" name="testCase2" time="0.002"/>
  <testcase classname="com.Demo.Maven.Demo1Test" name="testCase3" time="0.001"/>
</testsuite> <!-- Default test -->
