<?xml version="1.0" encoding="UTF-8"?>
<!-- Generated by org.testng.reporters.JUnitXMLReporter -->
<testsuite ignored="0" hostname="LAPTOP-GF3M6KRA" failures="0" tests="10" name="Test" time="0.121" errors="0" timestamp="2022-07-20T16:41:40 IST">
  <testcase classname="com.Demo.Maven.Demo1Test" name="testCase1" time="0.016"/>
  <testcase classname="com.Demo.Maven.Demo1Test" name="testCase2" time="0.003"/>
  <testcase classname="com.Demo.Maven.Demo1Test" name="testCase3" time="0.003"/>
  <testcase classname="com.Demo.Maven.Demo2Test" name="testScript1" time="0.002"/>
  <testcase classname="com.Demo.Maven.Demo2Test" name="testScript2" time="0.001"/>
  <testcase classname="com.Demo.Maven.Demo2Test" name="testScript3" time="0.001"/>
  <testcase classname="com.Demo.Maven.Demo3Test" name="testAnnotation" time="0.002"/>
  <testcase classname="com.Demo.Maven.Demo3Test" name="testAnnotation1" time="0.002"/>
  <testcase classname="com.Demo.Maven.Demo3Test" name="testAnnotation3" time="0.002"/>
  <testcase classname="com.Demo.Maven.Demo3Test" name="testAnnotation4" time="0.002"/>
</testsuite> <!-- Test -->
